\BOOKMARK [1][-]{section.1}{\376\377\004\022\004\062\004\065\004\064\004\065\004\075\004\070\004\065}{}% 1
\BOOKMARK [2][-]{subsection.1.1}{\376\377\004\034\004\076\004\102\004\070\004\062\004\060\004\106\004\070\004\117}{section.1}% 2
\BOOKMARK [2][-]{subsection.1.2}{\376\377\004\036\004\102\004\073\004\070\004\107\004\070\004\065\000\040\004\076\004\102\000\040\004\100\004\060\004\061\004\076\004\102\004\113\000\040\000C\000L\000E\000O}{section.1}% 3
\BOOKMARK [2][-]{subsection.1.3}{\376\377\004\034\004\076\004\064\004\065\004\073\004\070\000\040\004\070\000\040\004\102\004\065\004\076\004\100\004\065\004\102\004\070\004\107\004\065\004\101\004\072\004\070\004\065\000\040\004\077\004\100\004\065\004\064\004\101\004\072\004\060\004\067\004\060\004\075\004\070\004\117}{section.1}% 4
\BOOKMARK [1][-]{section.2}{\376\377\004\055\004\072\004\101\004\077\004\065\004\100\004\070\004\074\004\065\004\075\004\102\004\060\004\073\004\114\004\075\004\060\004\117\000\040\004\103\004\101\004\102\004\060\004\075\004\076\004\062\004\072\004\060}{}% 5
\BOOKMARK [2][-]{subsection.2.1}{\376\377\004\032\004\076\004\073\004\073\004\060\004\071\004\064\004\065\004\100\000\040\000K\000E\000K}{section.2}% 6
\BOOKMARK [2][-]{subsection.2.2}{\376\377\004\024\004\065\004\102\004\065\004\072\004\102\004\076\004\100\000\040\000B\000e\000l\000l\000e}{section.2}% 7
\BOOKMARK [1][-]{section.3}{\376\377\004\034\004\065\004\102\004\076\004\064\004\113\000\040\004\070\004\067\004\074\004\065\004\100\004\065\004\075\004\070\004\117}{}% 8
\BOOKMARK [2][-]{subsection.3.1}{\376\377\000S\000V\000D}{section.3}% 9
\BOOKMARK [2][-]{subsection.3.2}{\376\377\004\041\004\070\004\101\004\102\004\065\004\074\004\060\000\040\004\070\004\064\004\065\004\075\004\102\004\070\004\104\004\070\004\072\004\060\004\106\004\070\004\070\000\040\004\067\004\060\004\100\004\117\004\066\004\065\004\075\004\075\004\113\004\105\000\040\004\060\004\064\004\100\004\076\004\075\004\076\004\062}{section.3}% 10
\BOOKMARK [2][-]{subsection.3.3}{\376\377\000E\000C\000L\000\040\000\050\000C\000s\000I\000\051}{section.3}% 11
\BOOKMARK [2][-]{subsection.3.4}{\376\377\000K\000L\000M}{section.3}% 12
\BOOKMARK [1][-]{section.4}{\376\377\004\036\004\102\004\061\004\076\004\100\000\040\004\072\004\060\004\075\004\060\004\073\004\076\004\062\000\040\004\102\004\060\004\063\004\070\004\100\004\076\004\062\004\060\004\075\004\070\004\117}{}% 13
\BOOKMARK [2][-]{subsection.4.1}{\376\377\004\042\004\060\004\063\004\070\004\100\004\076\004\062\004\060\004\075\004\070\004\065\000\040\000c}{section.4}% 14
\BOOKMARK [2][-]{subsection.4.2}{\376\377\004\032\004\100\004\070\004\102\004\065\004\100\004\070\004\070\000\040\004\076\004\102\004\061\004\076\004\100\004\060}{section.4}% 15
\BOOKMARK [2][-]{subsection.4.3}{\376\377\004\030\004\102\004\076\004\063\000\040\004\101\004\061\004\076\004\100\004\060\000\040\004\064\004\060\004\075\004\075\004\113\004\105}{section.4}% 16
\BOOKMARK [2][-]{subsection.4.4}{\376\377\004\030\004\102\004\076\004\063\000\040\004\076\004\102\004\061\004\076\004\100\004\060\000\040\004\072\004\060\004\075\004\060\004\073\004\076\004\062\000\040\004\102\004\060\004\063\004\070\004\100\004\076\004\062\004\060\004\075\004\070\004\117}{section.4}% 17
\BOOKMARK [1][-]{section.5}{\376\377\004\037\004\076\004\070\004\101\004\072\000\040\000c}{}% 18
\BOOKMARK [2][-]{subsection.5.1}{\376\377\004\032\004\100\004\070\004\102\004\065\004\100\004\070\004\070\000\040\004\076\004\102\004\061\004\076\004\100\004\060}{section.5}% 19
\BOOKMARK [2][-]{subsection.5.2}{\376\377\004\040\004\065\004\067\004\103\004\073\004\114\004\102\004\060\004\102\004\113\000\040\004\076\004\102\004\061\004\076\004\100\004\060}{section.5}% 20
\BOOKMARK [1][-]{section.6}{\376\377\004\020\004\075\004\060\004\073\004\070\004\067\000\040\000M\000o\000n\000t\000e\000\040\000C\000a\000r\000l\000o}{}% 21
\BOOKMARK [2][-]{subsection.6.1}{\376\377\004\036\004\102\004\061\004\076\004\100\000\040\004\070\004\101\004\102\004\070\004\075\004\075\004\113\004\105\000\040\004\072\004\060\004\075\004\064\004\070\004\064\004\060\004\102\004\076\004\062\000\040\004\062\000\040\004\101\004\076\004\061\004\113\004\102\004\070\004\117\004\105\000\040\000M\000o\000n\000t\000e\000\040\000C\000a\000r\000l\000o}{section.6}% 22
\BOOKMARK [1][-]{section.7}{\376\377\004\030\004\067\004\074\004\065\004\100\004\065\004\075\004\070\004\065\000\040\004\077\004\100\004\076\004\064\004\076\004\073\004\114\004\075\004\076\004\071\000\040\004\077\004\076\004\073\004\117\004\100\004\070\004\067\004\060\004\106\004\070\004\070\000\040\000c\000\040}{}% 23
\BOOKMARK [2][-]{subsection.7.1}{\376\377\004\042\004\065\004\076\004\100\004\070\004\117\000\040\004\101\004\077\004\070\004\100\004\060\004\073\004\114\004\075\004\076\004\063\004\076\000\040\004\104\004\076\004\100\004\074\004\060\004\073\004\070\004\067\004\074\004\060}{section.7}% 24
\BOOKMARK [2][-]{subsection.7.2}{\376\377\004\030\004\067\004\074\004\065\004\100\004\065\004\075\004\070\004\117\000\040\004\077\004\100\004\076\004\064\004\076\004\073\004\114\004\075\004\076\004\071\000\040\004\077\004\076\004\073\004\117\004\100\004\070\004\067\004\060\004\106\004\070\004\070}{section.7}% 25
\BOOKMARK [1][-]{section.8}{\376\377\004\030\004\067\004\074\004\065\004\100\004\065\004\075\004\070\004\065\000\040\004\104\004\076\004\100\004\074\004\104\004\060\004\072\004\102\004\076\004\100\004\060\000\040\004\077\004\076\004\073\004\103\004\073\004\065\004\077\004\102\004\076\004\075\004\075\004\113\004\105\000\040\004\100\004\060\004\101\004\077\004\060\004\064\004\076\004\062\000\040\000c}{}% 26
\BOOKMARK [2][-]{subsection.8.1}{\376\377\004\030\004\067\004\074\004\065\004\100\004\065\004\075\004\070\004\117\000\040\004\077\004\100\004\076\004\064\004\076\004\073\004\114\004\075\004\076\004\071\000\040\004\077\004\076\004\073\004\117\004\100\004\070\004\067\004\060\004\106\004\070\004\070}{section.8}% 27
\BOOKMARK [1][-]{customsection.1}{\376\377\000A\000p\000p\000e\000n\000d\000i\000x\000\040\0001\000:\000\040\004\034\004\065\004\102\004\076\004\064\000\040\004\062\004\113\004\107\004\070\004\101\004\073\004\065\004\075\004\070\004\117\000\040\004\104\004\076\004\100\004\074\004\104\004\060\004\072\004\102\004\076\004\100\004\060}{}% 28
\BOOKMARK [1][-]{customsection.2}{\376\377\000A\000p\000p\000e\000n\000d\000i\000x\000\040\0002\000:\000\040\004\020\004\073\004\063\004\076\004\100\004\070\004\102\004\074\000\040\004\104\004\070\004\102\004\060\000\040\004\062\000\040\004\074\004\060\004\101\004\101\004\103\000\040\004\077\004\076\004\102\004\065\004\100\004\117\004\075\004\076\004\071\000\040\004\107\004\060\004\101\004\102\004\070\004\106\004\070}{}% 29
\BOOKMARK [1][-]{section.9}{\376\377\004\033\004\070\004\102\004\065\004\100\004\060\004\102\004\103\004\100\004\060}{}% 30
\BOOKMARK [1][-]{section.10}{\376\377\004\022\004\113\004\062\004\076\004\064}{}% 31
